
Mar 22 05:54 : update: added /05 Spies.mp3
Mar 22 05:54 : update: added /BMoon Set 16 - Projekt X Livestream.mp3
Mar 22 05:54 : update: added /Seimen Dexter - Spectral (Kai Pattenberg Remix)Snipped [Soon on Ragnarøk Records].mp3
Mar 22 05:54 : update: added /R RedditSets - Minimal Techno [Get down with the underground].mp3
Mar 22 05:54 : update: added /AAJA FILTHY THURSDAY Debut.mp3
Mar 22 05:54 : update: added /OLIVER IMMER @ PRESSTECHNO - 1K [FREESTYLE SPECIAL SET].mp3
Mar 22 05:54 : update: added /Technoid Podcast 172 by Daniel Giangrande [135BPM].mp3
Mar 22 05:54 : update: added /Eugen Kunz b2b URGEWALT @ FEIND Night Meets Endzeit - Eugens Und Hermys B - Day - 29.06.2019.mp3
Mar 22 05:54 : update: added /Marvin Erbe @ 7 Jahre_PLATTENBUNKER_19.10.19    T I V O L I - C L U B   K Ö L N.mp3
Mar 22 05:54 : update: added /B'Moon Mix 15 NebelRave 2.0.mp3
Mar 22 05:54 : update: added /Asymmetri - Unseen.wav
Mar 22 05:54 : update: added /Culture Code - Make Me Move (feat. Karra) [NCS Release].mp3
Mar 22 05:54 : update: added /KUMANI - 08.15podcast Vol.5 (137BPM).mp3
Mar 22 05:54 : update: added /BassFetischist - MethaBassSet II ( Master ).mp3
Mar 22 05:54 : update: added /Jin du Jun @Endzeit Showcase  Toy Stuttgart 03.08.19.wav
Mar 22 05:54 : update: added /City Night.mp3
Mar 22 05:54 : update: added /NEFFEX - Grateful [Copyright Free].mp3
Mar 22 05:54 : update: added /Voxnox Podcast 061 - Gijensu.mp3
Mar 22 05:54 : update: added /N3WPORT - Power (feat. braev) [NCS Release].mp3
Mar 22 05:54 : update: added /08 The Beaver Destroys Forests.mp3
Mar 22 05:54 : update: added /L Ʌ V Σ N - I Thought You Were Real (Hombre Ombre Remix) [Free Download].wav
Mar 22 05:54 : update: added /R RedditSessions - Minimal Techno [Winter Solstice - Yule Set].mp3
Mar 22 05:54 : update: added /D.N.S @ Endzeit Pres. DO - BO Villa.mp3
Mar 22 05:54 : update: added /Burn.mp3
Mar 22 05:54 : update: added /Cartoon - On & On (feat. Daniel Levi) [NCS Release].mp3
Mar 22 05:54 : update: added /D.N.S & Marvin Erbe - Day After Tomorrow (Original Mix).mp3
Mar 22 05:54 : update: added /Gladyshev - Drum Stamp (Eugen Kunz Remix)  OUT NOW.mp3
Mar 22 05:54 : update: added /Lucasso - EAT SLEEP RAVE REPEAT.mp3
Mar 22 05:54 : update: added /BassFetischist - Kein Anschluß unter dieser Nr. ( Master ).mp3
Mar 22 05:54 : update: added /Ben & Luca Mix 3.mp3
Mar 22 05:54 : update: added /D.N.S @ PLATTENBUNKER pres. Weiberfasnacht.mp3
Mar 22 05:54 : update: added /GROSU -  Naked King (5 Pins Remix).mp3
Mar 22 05:54 : update: added /Imprison.wav
Mar 22 05:54 : update: added /Under Command.wav
Mar 22 05:54 : update: added /Dark Spirit Podcast - #35 Frau Hase (Technoconnection).mp3
Mar 22 05:54 : update: added /Rebels Podcast #093 - Henry Martin.mp3
Mar 22 05:54 : update: added /Sascha Audit & Andre Drath - The Truth (Origina Mix) [Ravenous].mp3
Mar 22 05:54 : update: added /Sound Research.mp3
Mar 22 05:54 : update: added /Janji - Heroes Tonight (feat. Johnning) [NCS Release].mp3
Mar 22 05:54 : update: added /Age Of Love  ( Noseda Tunnel Remix )free download.wav
Mar 22 05:54 : update: added /彡 Sarah Farina Mix for rC3 World.mp3
Mar 22 05:54 : update: added /Dolica - Objectophilia (D.N.S & Marvin Erbe Remix) [snipped].mp3
Mar 22 05:54 : update: added /Dark Spirit Dark Spirit Podcast - #50 Ganci (Sector One).mp3
Mar 22 05:54 : update: added /VACCINATION By Frau Hase.mp3
Mar 22 05:54 : update: added /7 Jahre Vollgaaas 15.12.18 @MS Connexion, Mannheim.mp3
Mar 22 05:54 : update: added /Clinical Hates  HEX Transmission #078.mp3
Mar 22 05:54 : update: added /RAWCAST039 • CORROID.mp3
Mar 22 05:54 : update: added /201206 Techno from the grey side  Vol. 12.mp3
Mar 22 05:54 : update: added /5 Pins - Pain [ECHOREC005].mp3
